{"uid":"f7e8adc98a9c5fba","name":"test_update_profile","fullName":"tests.test_update_profile.TestUpdateProfile#test_update_profile","historyId":"8bd4bad9f9d3685d3df14f03f34b5461","time":{"start":1732441074647,"stop":1732441074647,"duration":0},"description":"Test update profile.","descriptionHtml":"\n<h2>Testing Update Profile Functionality</h2>\n<p>This test verifies the ability to update a user's profile information:</p>\n<ul>\n    <li>Update profile information with new data</li>\n    <li>Confirm the profile update is completed successfully</li>\n</ul>\n<p>The test performs the following operations:</p>\n<ul>\n    <li>Navigate to the Update Profile page</li>\n    <li>Enter the new profile information</li>\n    <li>Click the Update button</li>\n    <li>Verify the profile update is marked as complete</li>\n</ul>\n<p>Expected Results:</p>\n<ul>\n    <li>User can access the Update Profile page</li>\n    <li>Profile information is successfully updated</li>\n    <li>Update completion is confirmed on the page</li>\n</ul>\n","status":"failed","statusMessage":"AssertionError: Login failed\nassert False\n +  where False = <pages.overview_page.OverviewPage object at 0x7ff270e22ae0>.is_logged_in","statusTrace":"page = <Page url='https://parabank.parasoft.com/parabank/login.htm;jsessionid=832096A292086DB58926083147B645F4'>\n\n    @pytest.fixture\n    def login(page: Page) -> tuple[MainPage, OverviewPage]:\n        \"\"\"\n        Fixture that performs user login.\n    \n        Args:\n            page: Playwright page fixture\n    \n        Returns:\n            Tuple[MainPage, OverviewPage]: Tuple containing initialized MainPage and\n            OverviewPage\n        \"\"\"\n        main_page = MainPage(page)\n        overview_page = OverviewPage(page)\n    \n        main_page.navigate()\n        assert main_page.is_page_loaded, \"Main page is not loaded properly\"\n    \n        username: str | None = Data().USERNAME\n        password: str | None = Data().PASSWORD\n    \n        main_page.login(username, password)\n>       assert overview_page.is_logged_in, \"Login failed\"\nE       AssertionError: Login failed\nE       assert False\nE        +  where False = <pages.overview_page.OverviewPage object at 0x7ff270e22ae0>.is_logged_in\n\nconftest.py:95: AssertionError","flaky":false,"newFailed":false,"newBroken":false,"newPassed":false,"retriesCount":0,"retriesStatusChange":false,"beforeStages":[{"name":"browser","time":{"start":1732441074647,"stop":1732441075112,"duration":465},"status":"passed","steps":[],"attachments":[],"parameters":[],"shouldDisplayMessage":false,"stepsCount":0,"attachmentsCount":0,"hasContent":false,"attachmentStep":false},{"name":"page","time":{"start":1732441075112,"stop":1732441075201,"duration":89},"status":"passed","steps":[],"attachments":[],"parameters":[],"shouldDisplayMessage":false,"stepsCount":0,"attachmentsCount":0,"hasContent":false,"attachmentStep":false},{"name":"setup","time":{"start":1732441075202,"stop":1732441075202,"duration":0},"status":"passed","steps":[],"attachments":[],"parameters":[],"shouldDisplayMessage":false,"stepsCount":0,"attachmentsCount":0,"hasContent":false,"attachmentStep":false},{"name":"login","time":{"start":1732441075202,"stop":1732441081273,"duration":6071},"status":"failed","statusMessage":"AssertionError: Login failed\nassert False\n +  where False = <pages.overview_page.OverviewPage object at 0x7ff270e22ae0>.is_logged_in\n","statusTrace":"  File \"/opt/hostedtoolcache/Python/3.12.7/x64/lib/python3.12/site-packages/pluggy/_callers.py\", line 167, in _multicall\n    teardown.throw(outcome._exception)\n  File \"/opt/hostedtoolcache/Python/3.12.7/x64/lib/python3.12/site-packages/_pytest/setuponly.py\", line 36, in pytest_fixture_setup\n    return (yield)\n            ^^^^^\n  File \"/opt/hostedtoolcache/Python/3.12.7/x64/lib/python3.12/site-packages/pluggy/_callers.py\", line 103, in _multicall\n    res = hook_impl.function(*args)\n          ^^^^^^^^^^^^^^^^^^^^^^^^^\n  File \"/opt/hostedtoolcache/Python/3.12.7/x64/lib/python3.12/site-packages/_pytest/fixtures.py\", line 1140, in pytest_fixture_setup\n    result = call_fixture_func(fixturefunc, request, kwargs)\n             ^^^^^^^^^^^^^^^^^^^^^^^^^^^^^^^^^^^^^^^^^^^^^^^\n  File \"/opt/hostedtoolcache/Python/3.12.7/x64/lib/python3.12/site-packages/_pytest/fixtures.py\", line 898, in call_fixture_func\n    fixture_result = fixturefunc(**kwargs)\n                     ^^^^^^^^^^^^^^^^^^^^^\n  File \"/home/runner/work/ParaBank/ParaBank/conftest.py\", line 95, in login\n    assert overview_page.is_logged_in, \"Login failed\"\n","steps":[{"name":"Navigate to https://parabank.parasoft.com/parabank/index.htm","time":{"start":1732441075202,"stop":1732441075852,"duration":650},"status":"passed","steps":[],"attachments":[],"parameters":[],"shouldDisplayMessage":false,"stepsCount":0,"attachmentsCount":0,"hasContent":false,"attachmentStep":false},{"name":"The checks page content is loaded correctly","time":{"start":1732441075852,"stop":1732441075930,"duration":78},"status":"passed","steps":[],"attachments":[],"parameters":[],"shouldDisplayMessage":false,"stepsCount":0,"attachmentsCount":0,"hasContent":false,"attachmentStep":false},{"name":"Login with credentials","time":{"start":1732441075930,"stop":1732441076258,"duration":328},"status":"passed","steps":[{"name":"Click login button","time":{"start":1732441076042,"stop":1732441076258,"duration":216},"status":"passed","steps":[{"name":"Click element by role 'button' with name 'Log In'","time":{"start":1732441076043,"stop":1732441076257,"duration":214},"status":"passed","steps":[],"attachments":[],"parameters":[{"name":"role","value":"'button'"},{"name":"name","value":"'Log In'"}],"shouldDisplayMessage":false,"stepsCount":0,"attachmentsCount":0,"hasContent":true,"attachmentStep":false}],"attachments":[],"parameters":[],"shouldDisplayMessage":false,"stepsCount":1,"attachmentsCount":0,"hasContent":true,"attachmentStep":false}],"attachments":[],"parameters":[{"name":"username","value":"'john'"},{"name":"password","value":"'demo'"}],"shouldDisplayMessage":false,"stepsCount":2,"attachmentsCount":0,"hasContent":true,"attachmentStep":false},{"name":"Check if user is logged in","time":{"start":1732441076258,"stop":1732441081273,"duration":5015},"status":"passed","steps":[],"attachments":[],"parameters":[],"shouldDisplayMessage":false,"stepsCount":0,"attachmentsCount":0,"hasContent":false,"attachmentStep":false}],"attachments":[],"parameters":[],"shouldDisplayMessage":true,"stepsCount":6,"attachmentsCount":0,"hasContent":true,"attachmentStep":false}],"afterStages":[{"name":"page::0","time":{"start":1732441081281,"stop":1732441081282,"duration":1},"status":"broken","statusMessage":"AttributeError: 'Function' object has no attribute 'rep_call'\n","statusTrace":"  File \"/opt/hostedtoolcache/Python/3.12.7/x64/lib/python3.12/site-packages/allure_commons/_allure.py\", line 221, in __call__\n    return self._fixture_function(*args, **kwargs)\n           ^^^^^^^^^^^^^^^^^^^^^^^^^^^^^^^^^^^^^^^\n  File \"/opt/hostedtoolcache/Python/3.12.7/x64/lib/python3.12/site-packages/_pytest/fixtures.py\", line 907, in _teardown_yield_fixture\n    next(it)\n  File \"/home/runner/work/ParaBank/ParaBank/conftest.py\", line 43, in page\n    if request.node.rep_call.failed:  # type: ignore\n       ^^^^^^^^^^^^^^^^^^^^^\n","steps":[],"attachments":[],"parameters":[],"shouldDisplayMessage":true,"stepsCount":0,"attachmentsCount":0,"hasContent":true,"attachmentStep":false},{"name":"browser::0","time":{"start":1732441081283,"stop":1732441081328,"duration":45},"status":"passed","steps":[],"attachments":[],"parameters":[],"shouldDisplayMessage":false,"stepsCount":0,"attachmentsCount":0,"hasContent":false,"attachmentStep":false}],"labels":[{"name":"feature","value":"Update Profile"},{"name":"epic","value":"Banking Application"},{"name":"parentSuite","value":"tests"},{"name":"suite","value":"test_update_profile"},{"name":"subSuite","value":"TestUpdateProfile"},{"name":"host","value":"fv-az1542-96"},{"name":"thread","value":"5792-MainThread"},{"name":"framework","value":"pytest"},{"name":"language","value":"cpython3"},{"name":"package","value":"tests.test_update_profile"},{"name":"resultFormat","value":"allure2"}],"parameters":[],"links":[],"hidden":true,"retry":true,"extra":{"categories":[],"tags":[]},"source":"f7e8adc98a9c5fba.json","parameterValues":[]}