{"uid":"1c89f724b72dd210","name":"test_open_new_account[checking_account]","fullName":"tests.test_open_new_account.TestOpenNewAccount#test_open_new_account","historyId":"18a6f9c36a14075a14778b2c3b423a04","time":{"start":1732442078905,"stop":1732442078905,"duration":0},"description":"\n        Test opening new account of different types.\n\n        Args:\n            login: Login fixture\n            account_type: Type of account to open (SAVINGS or CHECKING)\n        ","descriptionHtml":"\n<h2>Testing New Account Creation Functionality</h2>\n<p>Test verifies the process of opening new accounts with different types:</p>\n<ul>\n    <li>Savings Account creation</li>\n    <li>Checking Account creation</li>\n</ul>\n<p>The test performs the following operations:</p>\n<ul>\n    <li>Navigation to the Open New Account page</li>\n    <li>Selection of account type (Savings/Checking)</li>\n    <li>Selection of existing account for linking</li>\n    <li>Account creation confirmation</li>\n</ul>\n<p>Expected Results:</p>\n<ul>\n    <li>Successfully navigate to the account creation page</li>\n    <li>Create new account of specified type</li>\n    <li>Receive confirmation of account creation</li>\n</ul>\n","status":"failed","statusMessage":"AssertionError: Login failed\nassert False\n +  where False = <pages.overview_page.OverviewPage object at 0x7f3c3b5d5c10>.is_logged_in","statusTrace":"page = <Page url='https://parabank.parasoft.com/parabank/login.htm;jsessionid=35250879D514A48E2F63216454D3C141'>\n\n    @pytest.fixture\n    def login(page: Page) -> tuple[MainPage, OverviewPage]:\n        \"\"\"\n        Fixture that performs user login.\n    \n        Args:\n            page: Playwright page fixture\n    \n        Returns:\n            Tuple[MainPage, OverviewPage]: Tuple containing initialized MainPage and\n            OverviewPage\n        \"\"\"\n        main_page = MainPage(page)\n        overview_page = OverviewPage(page)\n    \n        main_page.navigate()\n        assert main_page.is_page_loaded, \"Main page is not loaded properly\"\n    \n        username: str | None = Data().USERNAME\n        password: str | None = Data().PASSWORD\n    \n        main_page.login(username, password)\n>       assert overview_page.is_logged_in, \"Login failed\"\nE       AssertionError: Login failed\nE       assert False\nE        +  where False = <pages.overview_page.OverviewPage object at 0x7f3c3b5d5c10>.is_logged_in\n\nconftest.py:95: AssertionError","flaky":false,"newFailed":false,"newBroken":false,"newPassed":false,"retriesCount":5,"retriesStatusChange":false,"beforeStages":[{"name":"browser","time":{"start":1732442078905,"stop":1732442079214,"duration":309},"status":"passed","steps":[],"attachments":[],"parameters":[],"shouldDisplayMessage":false,"stepsCount":0,"attachmentsCount":0,"hasContent":false,"attachmentStep":false},{"name":"page","time":{"start":1732442079214,"stop":1732442079278,"duration":64},"status":"passed","steps":[],"attachments":[],"parameters":[],"shouldDisplayMessage":false,"stepsCount":0,"attachmentsCount":0,"hasContent":false,"attachmentStep":false},{"name":"setup","time":{"start":1732442079278,"stop":1732442079278,"duration":0},"status":"passed","steps":[],"attachments":[],"parameters":[],"shouldDisplayMessage":false,"stepsCount":0,"attachmentsCount":0,"hasContent":false,"attachmentStep":false},{"name":"login","time":{"start":1732442079278,"stop":1732442085475,"duration":6197},"status":"failed","statusMessage":"AssertionError: Login failed\nassert False\n +  where False = <pages.overview_page.OverviewPage object at 0x7f3c3b5d5c10>.is_logged_in\n","statusTrace":"  File \"/opt/hostedtoolcache/Python/3.12.7/x64/lib/python3.12/site-packages/pluggy/_callers.py\", line 167, in _multicall\n    teardown.throw(outcome._exception)\n  File \"/opt/hostedtoolcache/Python/3.12.7/x64/lib/python3.12/site-packages/_pytest/setuponly.py\", line 36, in pytest_fixture_setup\n    return (yield)\n            ^^^^^\n  File \"/opt/hostedtoolcache/Python/3.12.7/x64/lib/python3.12/site-packages/pluggy/_callers.py\", line 103, in _multicall\n    res = hook_impl.function(*args)\n          ^^^^^^^^^^^^^^^^^^^^^^^^^\n  File \"/opt/hostedtoolcache/Python/3.12.7/x64/lib/python3.12/site-packages/_pytest/fixtures.py\", line 1140, in pytest_fixture_setup\n    result = call_fixture_func(fixturefunc, request, kwargs)\n             ^^^^^^^^^^^^^^^^^^^^^^^^^^^^^^^^^^^^^^^^^^^^^^^\n  File \"/opt/hostedtoolcache/Python/3.12.7/x64/lib/python3.12/site-packages/_pytest/fixtures.py\", line 898, in call_fixture_func\n    fixture_result = fixturefunc(**kwargs)\n                     ^^^^^^^^^^^^^^^^^^^^^\n  File \"/home/runner/work/ParaBank/ParaBank/conftest.py\", line 95, in login\n    assert overview_page.is_logged_in, \"Login failed\"\n","steps":[{"name":"Navigate to https://parabank.parasoft.com/parabank/index.htm","time":{"start":1732442079278,"stop":1732442080099,"duration":821},"status":"passed","steps":[],"attachments":[],"parameters":[],"shouldDisplayMessage":false,"stepsCount":0,"attachmentsCount":0,"hasContent":false,"attachmentStep":false},{"name":"The checks page content is loaded correctly","time":{"start":1732442080099,"stop":1732442080143,"duration":44},"status":"passed","steps":[],"attachments":[],"parameters":[],"shouldDisplayMessage":false,"stepsCount":0,"attachmentsCount":0,"hasContent":false,"attachmentStep":false},{"name":"Login with credentials","time":{"start":1732442080144,"stop":1732442080465,"duration":321},"status":"passed","steps":[{"name":"Click login button","time":{"start":1732442080220,"stop":1732442080465,"duration":245},"status":"passed","steps":[{"name":"Click element by role 'button' with name 'Log In'","time":{"start":1732442080220,"stop":1732442080465,"duration":245},"status":"passed","steps":[],"attachments":[],"parameters":[{"name":"role","value":"'button'"},{"name":"name","value":"'Log In'"}],"shouldDisplayMessage":false,"stepsCount":0,"attachmentsCount":0,"hasContent":true,"attachmentStep":false}],"attachments":[],"parameters":[],"shouldDisplayMessage":false,"stepsCount":1,"attachmentsCount":0,"hasContent":true,"attachmentStep":false}],"attachments":[],"parameters":[{"name":"username","value":"'john'"},{"name":"password","value":"'demo'"}],"shouldDisplayMessage":false,"stepsCount":2,"attachmentsCount":0,"hasContent":true,"attachmentStep":false},{"name":"Check if user is logged in","time":{"start":1732442080465,"stop":1732442085475,"duration":5010},"status":"passed","steps":[],"attachments":[],"parameters":[],"shouldDisplayMessage":false,"stepsCount":0,"attachmentsCount":0,"hasContent":false,"attachmentStep":false}],"attachments":[],"parameters":[],"shouldDisplayMessage":true,"stepsCount":6,"attachmentsCount":0,"hasContent":true,"attachmentStep":false}],"afterStages":[{"name":"page::0","time":{"start":1732442085481,"stop":1732442085482,"duration":1},"status":"broken","statusMessage":"AttributeError: 'Function' object has no attribute 'rep_call'\n","statusTrace":"  File \"/opt/hostedtoolcache/Python/3.12.7/x64/lib/python3.12/site-packages/allure_commons/_allure.py\", line 221, in __call__\n    return self._fixture_function(*args, **kwargs)\n           ^^^^^^^^^^^^^^^^^^^^^^^^^^^^^^^^^^^^^^^\n  File \"/opt/hostedtoolcache/Python/3.12.7/x64/lib/python3.12/site-packages/_pytest/fixtures.py\", line 907, in _teardown_yield_fixture\n    next(it)\n  File \"/home/runner/work/ParaBank/ParaBank/conftest.py\", line 43, in page\n    if request.node.rep_call.failed:  # type: ignore\n       ^^^^^^^^^^^^^^^^^^^^^\n","steps":[],"attachments":[],"parameters":[],"shouldDisplayMessage":true,"stepsCount":0,"attachmentsCount":0,"hasContent":true,"attachmentStep":false},{"name":"browser::0","time":{"start":1732442085483,"stop":1732442085519,"duration":36},"status":"passed","steps":[],"attachments":[],"parameters":[],"shouldDisplayMessage":false,"stepsCount":0,"attachmentsCount":0,"hasContent":false,"attachmentStep":false}],"labels":[{"name":"feature","value":"Account Management"},{"name":"epic","value":"Banking Application"},{"name":"parentSuite","value":"tests"},{"name":"suite","value":"test_open_new_account"},{"name":"subSuite","value":"TestOpenNewAccount"},{"name":"host","value":"fv-az1114-731"},{"name":"thread","value":"5710-MainThread"},{"name":"framework","value":"pytest"},{"name":"language","value":"cpython3"},{"name":"package","value":"tests.test_open_new_account"},{"name":"resultFormat","value":"allure2"}],"parameters":[{"name":"account_type","value":"<AccountType.CHECKING: 'CHECKING'>"}],"links":[],"hidden":false,"retry":false,"extra":{"severity":"normal","retries":[{"uid":"930b773322003424","status":"failed","statusDetails":"AssertionError: Login failed\nassert False\n +  where False = <pages.overview_page.OverviewPage object at 0x7f3c3b6d6d80>.is_logged_in","time":{"start":1732442067478,"stop":1732442067478,"duration":0}},{"uid":"2f1ca223bcf9ded0","status":"failed","statusDetails":"AssertionError: Login failed\nassert False\n +  where False = <pages.overview_page.OverviewPage object at 0x7f3c3b50b050>.is_logged_in","time":{"start":1732442056049,"stop":1732442056049,"duration":0}},{"uid":"5511ab4af0aca53d","status":"failed","statusDetails":"AssertionError: Login failed\nassert False\n +  where False = <pages.overview_page.OverviewPage object at 0x7f3c3b6d4470>.is_logged_in","time":{"start":1732442044672,"stop":1732442044672,"duration":0}},{"uid":"16541d733e2b8ca7","status":"failed","statusDetails":"AssertionError: Login failed\nassert False\n +  where False = <pages.overview_page.OverviewPage object at 0x7f3c3b6acdd0>.is_logged_in","time":{"start":1732442033240,"stop":1732442033240,"duration":0}},{"uid":"47fba72e9d6b039d","status":"failed","statusDetails":"AssertionError: Login failed\nassert False\n +  where False = <pages.overview_page.OverviewPage object at 0x7f3c3b8f79b0>.is_logged_in","time":{"start":1732442021337,"stop":1732442021337,"duration":0}}],"categories":[{"name":"Product defects","matchedStatuses":[],"flaky":false}],"tags":[]},"source":"1c89f724b72dd210.json","parameterValues":["<AccountType.CHECKING: 'CHECKING'>"]}