{"uid":"3093ff4eb138170a","name":"test_transfer_funds","fullName":"tests.ui.test_ui_elements.TestUIElements#test_transfer_funds","historyId":"37bb2139772bcf6882709bc24ae5f05d","time":{"start":1732442081680,"stop":1732442081680,"duration":0},"description":"The test checks that the register button is visible.","descriptionHtml":"\n<h2>Testing UI Element Visibility</h2>\n<p>Test verifies the visibility and accessibility of key UI elements, including:</p>\n<ul>\n    <li>Navigation to main page</li>\n    <li>Checking registration button presence</li>\n    <li>Checking transfer funds button presence</li>\n    <li>Checking update contact info button presence</li>\n</ul>\n<p>Expected Results:</p>\n<ul>\n    <li>Registration button should be visible</li>\n    <li>Transfer funds button should be visible</li>\n    <li>Update contact info button should be visible</li>\n</ul>\n","status":"failed","statusMessage":"AssertionError: Login failed\nassert False\n +  where False = <pages.overview_page.OverviewPage object at 0x7f87594be240>.is_logged_in","statusTrace":"page = <Page url='https://parabank.parasoft.com/parabank/login.htm;jsessionid=E5053FD931DF3EF309B548A3D150E633'>\n\n    @pytest.fixture\n    def login(page: Page) -> tuple[MainPage, OverviewPage]:\n        \"\"\"\n        Fixture that performs user login.\n    \n        Args:\n            page: Playwright page fixture\n    \n        Returns:\n            Tuple[MainPage, OverviewPage]: Tuple containing initialized MainPage and\n            OverviewPage\n        \"\"\"\n        main_page = MainPage(page)\n        overview_page = OverviewPage(page)\n    \n        main_page.navigate()\n        assert main_page.is_page_loaded, \"Main page is not loaded properly\"\n    \n        username: str | None = Data().USERNAME\n        password: str | None = Data().PASSWORD\n    \n        main_page.login(username, password)\n>       assert overview_page.is_logged_in, \"Login failed\"\nE       AssertionError: Login failed\nE       assert False\nE        +  where False = <pages.overview_page.OverviewPage object at 0x7f87594be240>.is_logged_in\n\nconftest.py:95: AssertionError","flaky":false,"newFailed":false,"newBroken":false,"newPassed":false,"retriesCount":5,"retriesStatusChange":false,"beforeStages":[{"name":"browser","time":{"start":1732442081680,"stop":1732442082004,"duration":324},"status":"passed","steps":[],"attachments":[],"parameters":[],"shouldDisplayMessage":false,"stepsCount":0,"attachmentsCount":0,"hasContent":false,"attachmentStep":false},{"name":"page","time":{"start":1732442082004,"stop":1732442082074,"duration":70},"status":"passed","steps":[],"attachments":[],"parameters":[],"shouldDisplayMessage":false,"stepsCount":0,"attachmentsCount":0,"hasContent":false,"attachmentStep":false},{"name":"login","time":{"start":1732442082074,"stop":1732442088152,"duration":6078},"status":"failed","statusMessage":"AssertionError: Login failed\nassert False\n +  where False = <pages.overview_page.OverviewPage object at 0x7f87594be240>.is_logged_in\n","statusTrace":"  File \"/opt/hostedtoolcache/Python/3.12.7/x64/lib/python3.12/site-packages/pluggy/_callers.py\", line 167, in _multicall\n    teardown.throw(outcome._exception)\n  File \"/opt/hostedtoolcache/Python/3.12.7/x64/lib/python3.12/site-packages/_pytest/setuponly.py\", line 36, in pytest_fixture_setup\n    return (yield)\n            ^^^^^\n  File \"/opt/hostedtoolcache/Python/3.12.7/x64/lib/python3.12/site-packages/pluggy/_callers.py\", line 103, in _multicall\n    res = hook_impl.function(*args)\n          ^^^^^^^^^^^^^^^^^^^^^^^^^\n  File \"/opt/hostedtoolcache/Python/3.12.7/x64/lib/python3.12/site-packages/_pytest/fixtures.py\", line 1140, in pytest_fixture_setup\n    result = call_fixture_func(fixturefunc, request, kwargs)\n             ^^^^^^^^^^^^^^^^^^^^^^^^^^^^^^^^^^^^^^^^^^^^^^^\n  File \"/opt/hostedtoolcache/Python/3.12.7/x64/lib/python3.12/site-packages/_pytest/fixtures.py\", line 898, in call_fixture_func\n    fixture_result = fixturefunc(**kwargs)\n                     ^^^^^^^^^^^^^^^^^^^^^\n  File \"/home/runner/work/ParaBank/ParaBank/conftest.py\", line 95, in login\n    assert overview_page.is_logged_in, \"Login failed\"\n","steps":[{"name":"Navigate to https://parabank.parasoft.com/parabank/index.htm","time":{"start":1732442082074,"stop":1732442082753,"duration":679},"status":"passed","steps":[],"attachments":[],"parameters":[],"shouldDisplayMessage":false,"stepsCount":0,"attachmentsCount":0,"hasContent":false,"attachmentStep":false},{"name":"The checks page content is loaded correctly","time":{"start":1732442082753,"stop":1732442082796,"duration":43},"status":"passed","steps":[],"attachments":[],"parameters":[],"shouldDisplayMessage":false,"stepsCount":0,"attachmentsCount":0,"hasContent":false,"attachmentStep":false},{"name":"Login with credentials","time":{"start":1732442082797,"stop":1732442083143,"duration":346},"status":"passed","steps":[{"name":"Click login button","time":{"start":1732442082873,"stop":1732442083143,"duration":270},"status":"passed","steps":[{"name":"Click element by role 'button' with name 'Log In'","time":{"start":1732442082874,"stop":1732442083143,"duration":269},"status":"passed","steps":[],"attachments":[],"parameters":[{"name":"role","value":"'button'"},{"name":"name","value":"'Log In'"}],"shouldDisplayMessage":false,"stepsCount":0,"attachmentsCount":0,"hasContent":true,"attachmentStep":false}],"attachments":[],"parameters":[],"shouldDisplayMessage":false,"stepsCount":1,"attachmentsCount":0,"hasContent":true,"attachmentStep":false}],"attachments":[],"parameters":[{"name":"username","value":"'john'"},{"name":"password","value":"'demo'"}],"shouldDisplayMessage":false,"stepsCount":2,"attachmentsCount":0,"hasContent":true,"attachmentStep":false},{"name":"Check if user is logged in","time":{"start":1732442083143,"stop":1732442088152,"duration":5009},"status":"passed","steps":[],"attachments":[],"parameters":[],"shouldDisplayMessage":false,"stepsCount":0,"attachmentsCount":0,"hasContent":false,"attachmentStep":false}],"attachments":[],"parameters":[],"shouldDisplayMessage":true,"stepsCount":6,"attachmentsCount":0,"hasContent":true,"attachmentStep":false},{"name":"setup","time":{"start":1732442082074,"stop":1732442082074,"duration":0},"status":"passed","steps":[],"attachments":[],"parameters":[],"shouldDisplayMessage":false,"stepsCount":0,"attachmentsCount":0,"hasContent":false,"attachmentStep":false}],"afterStages":[{"name":"page::0","time":{"start":1732442088159,"stop":1732442088160,"duration":1},"status":"broken","statusMessage":"AttributeError: 'Function' object has no attribute 'rep_call'\n","statusTrace":"  File \"/opt/hostedtoolcache/Python/3.12.7/x64/lib/python3.12/site-packages/allure_commons/_allure.py\", line 221, in __call__\n    return self._fixture_function(*args, **kwargs)\n           ^^^^^^^^^^^^^^^^^^^^^^^^^^^^^^^^^^^^^^^\n  File \"/opt/hostedtoolcache/Python/3.12.7/x64/lib/python3.12/site-packages/_pytest/fixtures.py\", line 907, in _teardown_yield_fixture\n    next(it)\n  File \"/home/runner/work/ParaBank/ParaBank/conftest.py\", line 43, in page\n    if request.node.rep_call.failed:  # type: ignore\n       ^^^^^^^^^^^^^^^^^^^^^\n","steps":[],"attachments":[],"parameters":[],"shouldDisplayMessage":true,"stepsCount":0,"attachmentsCount":0,"hasContent":true,"attachmentStep":false},{"name":"browser::0","time":{"start":1732442088160,"stop":1732442088200,"duration":40},"status":"passed","steps":[],"attachments":[],"parameters":[],"shouldDisplayMessage":false,"stepsCount":0,"attachmentsCount":0,"hasContent":false,"attachmentStep":false}],"labels":[{"name":"epic","value":"Main Application"},{"name":"feature","value":"UI Elements"},{"name":"story","value":"Transfer Funds Button Visibility"},{"name":"severity","value":"CRITICAL"},{"name":"parentSuite","value":"tests.ui"},{"name":"suite","value":"test_ui_elements"},{"name":"subSuite","value":"TestUIElements"},{"name":"host","value":"fv-az1114-731"},{"name":"thread","value":"5713-MainThread"},{"name":"framework","value":"pytest"},{"name":"language","value":"cpython3"},{"name":"package","value":"tests.ui.test_ui_elements"},{"name":"resultFormat","value":"allure2"}],"parameters":[],"links":[],"hidden":false,"retry":false,"extra":{"severity":"critical","retries":[{"uid":"cbb2e09a8c051418","status":"failed","statusDetails":"AssertionError: Login failed\nassert False\n +  where False = <pages.overview_page.OverviewPage object at 0x7f8759506c60>.is_logged_in","time":{"start":1732442070182,"stop":1732442070182,"duration":0}},{"uid":"f528b6b9f4782fbe","status":"failed","statusDetails":"AssertionError: Login failed\nassert False\n +  where False = <pages.overview_page.OverviewPage object at 0x7f87594bc950>.is_logged_in","time":{"start":1732442058708,"stop":1732442058708,"duration":0}},{"uid":"592e856e186d73bd","status":"failed","statusDetails":"AssertionError: Login failed\nassert False\n +  where False = <pages.overview_page.OverviewPage object at 0x7f8759474bf0>.is_logged_in","time":{"start":1732442047200,"stop":1732442047200,"duration":0}},{"uid":"d06f2289e6d97d91","status":"failed","statusDetails":"AssertionError: Login failed\nassert False\n +  where False = <pages.overview_page.OverviewPage object at 0x7f8759543830>.is_logged_in","time":{"start":1732442035803,"stop":1732442035803,"duration":0}},{"uid":"497fa9b8cea5f12e","status":"failed","statusDetails":"AssertionError: Login failed\nassert False\n +  where False = <pages.overview_page.OverviewPage object at 0x7f8759543860>.is_logged_in","time":{"start":1732442024166,"stop":1732442024166,"duration":0}}],"categories":[{"name":"Product defects","matchedStatuses":[],"flaky":false}],"tags":[]},"source":"3093ff4eb138170a.json","parameterValues":[]}