{"uid":"953d554ba568d7ac","name":"test_update_profile","fullName":"tests.test_update_profile.TestUpdateProfile#test_update_profile","historyId":"8bd4bad9f9d3685d3df14f03f34b5461","time":{"start":1732757208757,"stop":1732757208757,"duration":0},"description":"Test update profile.","descriptionHtml":"\n<h2>Testing Update Profile Functionality</h2>\n<p>This test verifies the ability to update a user's profile information:</p>\n<ul>\n    <li>Update profile information with new data</li>\n    <li>Confirm the profile update is completed successfully</li>\n</ul>\n<p>The test performs the following operations:</p>\n<ul>\n    <li>Navigate to the Update Profile page</li>\n    <li>Enter the new profile information</li>\n    <li>Click the Update button</li>\n    <li>Verify the profile update is marked as complete</li>\n</ul>\n<p>Expected Results:</p>\n<ul>\n    <li>User can access the Update Profile page</li>\n    <li>Profile information is successfully updated</li>\n    <li>Update completion is confirmed on the page</li>\n</ul>\n","status":"failed","statusMessage":"AssertionError: Login failed\nassert False\n +  where False = <pages.overview_page.OverviewPage object at 0x7f9aa71a6f00>.is_logged_in","statusTrace":"page = <Page url='https://parabank.parasoft.com/parabank/login.htm;jsessionid=3C74F195DB6D0C8DCFA27B7303701B6B'>\n\n    @pytest.fixture\n    def login(page: Page) -> tuple[MainPage, OverviewPage]:\n        \"\"\"\n        Fixture that performs user login.\n    \n        Args:\n            page: Playwright page fixture\n    \n        Returns:\n            Tuple[MainPage, OverviewPage]: Tuple containing initialized MainPage and\n            OverviewPage\n        \"\"\"\n        main_page = MainPage(page)\n        overview_page = OverviewPage(page)\n    \n        main_page.navigate()\n        assert main_page.is_page_loaded, \"Main page is not loaded properly\"\n    \n        username: str | None = Data().USERNAME\n        password: str | None = Data().PASSWORD\n    \n        main_page.login(username, password)\n>       assert overview_page.is_logged_in, \"Login failed\"\nE       AssertionError: Login failed\nE       assert False\nE        +  where False = <pages.overview_page.OverviewPage object at 0x7f9aa71a6f00>.is_logged_in\n\nconftest.py:95: AssertionError","flaky":true,"newFailed":true,"newBroken":false,"newPassed":false,"retriesCount":5,"retriesStatusChange":false,"beforeStages":[{"name":"browser","time":{"start":1732757208758,"stop":1732757209116,"duration":358},"status":"passed","steps":[],"attachments":[],"parameters":[],"shouldDisplayMessage":false,"stepsCount":0,"attachmentsCount":0,"hasContent":false,"attachmentStep":false},{"name":"page","time":{"start":1732757209116,"stop":1732757209201,"duration":85},"status":"passed","steps":[],"attachments":[],"parameters":[],"shouldDisplayMessage":false,"stepsCount":0,"attachmentsCount":0,"hasContent":false,"attachmentStep":false},{"name":"setup","time":{"start":1732757209201,"stop":1732757209201,"duration":0},"status":"passed","steps":[],"attachments":[],"parameters":[],"shouldDisplayMessage":false,"stepsCount":0,"attachmentsCount":0,"hasContent":false,"attachmentStep":false},{"name":"login","time":{"start":1732757209201,"stop":1732757215298,"duration":6097},"status":"failed","statusMessage":"AssertionError: Login failed\nassert False\n +  where False = <pages.overview_page.OverviewPage object at 0x7f9aa71a6f00>.is_logged_in\n","statusTrace":"  File \"/opt/hostedtoolcache/Python/3.12.7/x64/lib/python3.12/site-packages/pluggy/_callers.py\", line 167, in _multicall\n    teardown.throw(outcome._exception)\n  File \"/opt/hostedtoolcache/Python/3.12.7/x64/lib/python3.12/site-packages/_pytest/setuponly.py\", line 36, in pytest_fixture_setup\n    return (yield)\n            ^^^^^\n  File \"/opt/hostedtoolcache/Python/3.12.7/x64/lib/python3.12/site-packages/pluggy/_callers.py\", line 103, in _multicall\n    res = hook_impl.function(*args)\n          ^^^^^^^^^^^^^^^^^^^^^^^^^\n  File \"/opt/hostedtoolcache/Python/3.12.7/x64/lib/python3.12/site-packages/_pytest/fixtures.py\", line 1140, in pytest_fixture_setup\n    result = call_fixture_func(fixturefunc, request, kwargs)\n             ^^^^^^^^^^^^^^^^^^^^^^^^^^^^^^^^^^^^^^^^^^^^^^^\n  File \"/opt/hostedtoolcache/Python/3.12.7/x64/lib/python3.12/site-packages/_pytest/fixtures.py\", line 898, in call_fixture_func\n    fixture_result = fixturefunc(**kwargs)\n                     ^^^^^^^^^^^^^^^^^^^^^\n  File \"/home/runner/work/ParaBank/ParaBank/conftest.py\", line 95, in login\n    assert overview_page.is_logged_in, \"Login failed\"\n","steps":[{"name":"Navigate to https://parabank.parasoft.com/parabank/index.htm","time":{"start":1732757209201,"stop":1732757209874,"duration":673},"status":"passed","steps":[],"attachments":[],"parameters":[],"shouldDisplayMessage":false,"stepsCount":0,"attachmentsCount":0,"hasContent":false,"attachmentStep":false},{"name":"The checks page content is loaded correctly","time":{"start":1732757209874,"stop":1732757209945,"duration":71},"status":"passed","steps":[],"attachments":[],"parameters":[],"shouldDisplayMessage":false,"stepsCount":0,"attachmentsCount":0,"hasContent":false,"attachmentStep":false},{"name":"Login with credentials","time":{"start":1732757209945,"stop":1732757210287,"duration":342},"status":"passed","steps":[{"name":"Click login button","time":{"start":1732757210056,"stop":1732757210287,"duration":231},"status":"passed","steps":[{"name":"Click element by role 'button' with name 'Log In'","time":{"start":1732757210056,"stop":1732757210286,"duration":230},"status":"passed","steps":[],"attachments":[],"parameters":[{"name":"role","value":"'button'"},{"name":"name","value":"'Log In'"}],"shouldDisplayMessage":false,"stepsCount":0,"attachmentsCount":0,"hasContent":true,"attachmentStep":false}],"attachments":[],"parameters":[],"shouldDisplayMessage":false,"stepsCount":1,"attachmentsCount":0,"hasContent":true,"attachmentStep":false}],"attachments":[],"parameters":[{"name":"username","value":"'john'"},{"name":"password","value":"'demo'"}],"shouldDisplayMessage":false,"stepsCount":2,"attachmentsCount":0,"hasContent":true,"attachmentStep":false},{"name":"Check if user is logged in","time":{"start":1732757210287,"stop":1732757215298,"duration":5011},"status":"passed","steps":[],"attachments":[],"parameters":[],"shouldDisplayMessage":false,"stepsCount":0,"attachmentsCount":0,"hasContent":false,"attachmentStep":false}],"attachments":[],"parameters":[],"shouldDisplayMessage":true,"stepsCount":6,"attachmentsCount":0,"hasContent":true,"attachmentStep":false}],"afterStages":[{"name":"page::0","time":{"start":1732757215305,"stop":1732757215307,"duration":2},"status":"broken","statusMessage":"AttributeError: 'Function' object has no attribute 'rep_call'\n","statusTrace":"  File \"/opt/hostedtoolcache/Python/3.12.7/x64/lib/python3.12/site-packages/allure_commons/_allure.py\", line 221, in __call__\n    return self._fixture_function(*args, **kwargs)\n           ^^^^^^^^^^^^^^^^^^^^^^^^^^^^^^^^^^^^^^^\n  File \"/opt/hostedtoolcache/Python/3.12.7/x64/lib/python3.12/site-packages/_pytest/fixtures.py\", line 907, in _teardown_yield_fixture\n    next(it)\n  File \"/home/runner/work/ParaBank/ParaBank/conftest.py\", line 43, in page\n    if request.node.rep_call.failed:  # type: ignore\n       ^^^^^^^^^^^^^^^^^^^^^\n","steps":[],"attachments":[],"parameters":[],"shouldDisplayMessage":true,"stepsCount":0,"attachmentsCount":0,"hasContent":true,"attachmentStep":false},{"name":"browser::0","time":{"start":1732757215307,"stop":1732757215351,"duration":44},"status":"passed","steps":[],"attachments":[],"parameters":[],"shouldDisplayMessage":false,"stepsCount":0,"attachmentsCount":0,"hasContent":false,"attachmentStep":false}],"labels":[{"name":"epic","value":"Banking Application"},{"name":"feature","value":"Update Profile"},{"name":"parentSuite","value":"tests"},{"name":"suite","value":"test_update_profile"},{"name":"subSuite","value":"TestUpdateProfile"},{"name":"host","value":"fv-az985-667"},{"name":"thread","value":"5655-MainThread"},{"name":"framework","value":"pytest"},{"name":"language","value":"cpython3"},{"name":"package","value":"tests.test_update_profile"},{"name":"resultFormat","value":"allure2"}],"parameters":[],"links":[],"hidden":false,"retry":false,"extra":{"severity":"normal","retries":[{"uid":"35783cdb40e5b35b","status":"failed","statusDetails":"AssertionError: Login failed\nassert False\n +  where False = <pages.overview_page.OverviewPage object at 0x7f9aa711a960>.is_logged_in","time":{"start":1732757197011,"stop":1732757197011,"duration":0}},{"uid":"8511c81e5f5d7bb5","status":"failed","statusDetails":"AssertionError: Login failed\nassert False\n +  where False = <pages.overview_page.OverviewPage object at 0x7f9aa7281fd0>.is_logged_in","time":{"start":1732757185310,"stop":1732757185310,"duration":0}},{"uid":"c7a78d98184a1191","status":"failed","statusDetails":"AssertionError: Login failed\nassert False\n +  where False = <pages.overview_page.OverviewPage object at 0x7f9aa771d3a0>.is_logged_in","time":{"start":1732757172968,"stop":1732757172968,"duration":0}},{"uid":"7736f08eca549a2d","status":"failed","statusDetails":"AssertionError: Login failed\nassert False\n +  where False = <pages.overview_page.OverviewPage object at 0x7f9aa738ccb0>.is_logged_in","time":{"start":1732757160881,"stop":1732757160881,"duration":0}},{"uid":"5502d9b0cfea3407","status":"failed","statusDetails":"AssertionError: Login failed\nassert False\n +  where False = <pages.overview_page.OverviewPage object at 0x7f9aa76bb9e0>.is_logged_in","time":{"start":1732757147369,"stop":1732757147369,"duration":0}}],"categories":[{"name":"Product defects","matchedStatuses":[],"flaky":false}],"history":{"statistic":{"failed":2,"broken":0,"skipped":0,"passed":4,"unknown":0,"total":6},"items":[{"uid":"185b3b42440a669c","reportUrl":"https://ZhikharevAl.github.io/ParaBank/69//#testresult/185b3b42440a669c","status":"passed","time":{"start":1732756715869,"stop":1732756716741,"duration":872}},{"uid":"a40ca79680c0d174","reportUrl":"https://ZhikharevAl.github.io/ParaBank/68//#testresult/a40ca79680c0d174","status":"passed","time":{"start":1732536519406,"stop":1732536520203,"duration":797}},{"uid":"3c6eb536cb80e632","reportUrl":"https://ZhikharevAl.github.io/ParaBank/67//#testresult/3c6eb536cb80e632","status":"passed","time":{"start":1732536386814,"stop":1732536387719,"duration":905}},{"uid":"4c7f4b766a5f8c14","reportUrl":"https://ZhikharevAl.github.io/ParaBank/66//#testresult/4c7f4b766a5f8c14","status":"passed","time":{"start":1732536273467,"stop":1732536274441,"duration":974}},{"uid":"e94d93a429a31529","reportUrl":"https://ZhikharevAl.github.io/ParaBank/65//#testresult/e94d93a429a31529","status":"failed","statusDetails":"AssertionError: Login failed\nassert False\n +  where False = <pages.overview_page.OverviewPage object at 0x7f559dfbf020>.is_logged_in","time":{"start":1732442014784,"stop":1732442014784,"duration":0}}]},"tags":[]},"source":"953d554ba568d7ac.json","parameterValues":[]}