{"uid":"c9cc8d6fd09d8531","name":"test_open_new_account[savings_account]","fullName":"tests.test_open_new_account.TestOpenNewAccount#test_open_new_account","historyId":"c8a7d7b906ef6a251f32cd55dce203a4","time":{"start":1732757207887,"stop":1732757207887,"duration":0},"description":"\n        Test opening new account of different types.\n\n        Args:\n            login: Login fixture\n            account_type: Type of account to open (SAVINGS or CHECKING)\n        ","descriptionHtml":"\n<h2>Testing New Account Creation Functionality</h2>\n<p>Test verifies the process of opening new accounts with different types:</p>\n<ul>\n    <li>Savings Account creation</li>\n    <li>Checking Account creation</li>\n</ul>\n<p>The test performs the following operations:</p>\n<ul>\n    <li>Navigation to the Open New Account page</li>\n    <li>Selection of account type (Savings/Checking)</li>\n    <li>Selection of existing account for linking</li>\n    <li>Account creation confirmation</li>\n</ul>\n<p>Expected Results:</p>\n<ul>\n    <li>Successfully navigate to the account creation page</li>\n    <li>Create new account of specified type</li>\n    <li>Receive confirmation of account creation</li>\n</ul>\n","status":"failed","statusMessage":"AssertionError: Login failed\nassert False\n +  where False = <pages.overview_page.OverviewPage object at 0x7f1346bcaf00>.is_logged_in","statusTrace":"page = <Page url='https://parabank.parasoft.com/parabank/login.htm;jsessionid=16B08B9C572EEAC5945E63913642E1CC'>\n\n    @pytest.fixture\n    def login(page: Page) -> tuple[MainPage, OverviewPage]:\n        \"\"\"\n        Fixture that performs user login.\n    \n        Args:\n            page: Playwright page fixture\n    \n        Returns:\n            Tuple[MainPage, OverviewPage]: Tuple containing initialized MainPage and\n            OverviewPage\n        \"\"\"\n        main_page = MainPage(page)\n        overview_page = OverviewPage(page)\n    \n        main_page.navigate()\n        assert main_page.is_page_loaded, \"Main page is not loaded properly\"\n    \n        username: str | None = Data().USERNAME\n        password: str | None = Data().PASSWORD\n    \n        main_page.login(username, password)\n>       assert overview_page.is_logged_in, \"Login failed\"\nE       AssertionError: Login failed\nE       assert False\nE        +  where False = <pages.overview_page.OverviewPage object at 0x7f1346bcaf00>.is_logged_in\n\nconftest.py:95: AssertionError","flaky":true,"newFailed":true,"newBroken":false,"newPassed":false,"retriesCount":5,"retriesStatusChange":false,"beforeStages":[{"name":"browser","time":{"start":1732757207888,"stop":1732757208213,"duration":325},"status":"passed","steps":[],"attachments":[],"parameters":[],"shouldDisplayMessage":false,"stepsCount":0,"attachmentsCount":0,"hasContent":false,"attachmentStep":false},{"name":"page","time":{"start":1732757208213,"stop":1732757208281,"duration":68},"status":"passed","steps":[],"attachments":[],"parameters":[],"shouldDisplayMessage":false,"stepsCount":0,"attachmentsCount":0,"hasContent":false,"attachmentStep":false},{"name":"login","time":{"start":1732757208281,"stop":1732757214435,"duration":6154},"status":"failed","statusMessage":"AssertionError: Login failed\nassert False\n +  where False = <pages.overview_page.OverviewPage object at 0x7f1346bcaf00>.is_logged_in\n","statusTrace":"  File \"/opt/hostedtoolcache/Python/3.12.7/x64/lib/python3.12/site-packages/pluggy/_callers.py\", line 167, in _multicall\n    teardown.throw(outcome._exception)\n  File \"/opt/hostedtoolcache/Python/3.12.7/x64/lib/python3.12/site-packages/_pytest/setuponly.py\", line 36, in pytest_fixture_setup\n    return (yield)\n            ^^^^^\n  File \"/opt/hostedtoolcache/Python/3.12.7/x64/lib/python3.12/site-packages/pluggy/_callers.py\", line 103, in _multicall\n    res = hook_impl.function(*args)\n          ^^^^^^^^^^^^^^^^^^^^^^^^^\n  File \"/opt/hostedtoolcache/Python/3.12.7/x64/lib/python3.12/site-packages/_pytest/fixtures.py\", line 1140, in pytest_fixture_setup\n    result = call_fixture_func(fixturefunc, request, kwargs)\n             ^^^^^^^^^^^^^^^^^^^^^^^^^^^^^^^^^^^^^^^^^^^^^^^\n  File \"/opt/hostedtoolcache/Python/3.12.7/x64/lib/python3.12/site-packages/_pytest/fixtures.py\", line 898, in call_fixture_func\n    fixture_result = fixturefunc(**kwargs)\n                     ^^^^^^^^^^^^^^^^^^^^^\n  File \"/home/runner/work/ParaBank/ParaBank/conftest.py\", line 95, in login\n    assert overview_page.is_logged_in, \"Login failed\"\n","steps":[{"name":"Navigate to https://parabank.parasoft.com/parabank/index.htm","time":{"start":1732757208281,"stop":1732757209005,"duration":724},"status":"passed","steps":[],"attachments":[],"parameters":[],"shouldDisplayMessage":false,"stepsCount":0,"attachmentsCount":0,"hasContent":false,"attachmentStep":false},{"name":"The checks page content is loaded correctly","time":{"start":1732757209005,"stop":1732757209062,"duration":57},"status":"passed","steps":[],"attachments":[],"parameters":[],"shouldDisplayMessage":false,"stepsCount":0,"attachmentsCount":0,"hasContent":false,"attachmentStep":false},{"name":"Login with credentials","time":{"start":1732757209063,"stop":1732757209419,"duration":356},"status":"passed","steps":[{"name":"Click login button","time":{"start":1732757209185,"stop":1732757209419,"duration":234},"status":"passed","steps":[{"name":"Click element by role 'button' with name 'Log In'","time":{"start":1732757209185,"stop":1732757209419,"duration":234},"status":"passed","steps":[],"attachments":[],"parameters":[{"name":"role","value":"'button'"},{"name":"name","value":"'Log In'"}],"shouldDisplayMessage":false,"stepsCount":0,"attachmentsCount":0,"hasContent":true,"attachmentStep":false}],"attachments":[],"parameters":[],"shouldDisplayMessage":false,"stepsCount":1,"attachmentsCount":0,"hasContent":true,"attachmentStep":false}],"attachments":[],"parameters":[{"name":"username","value":"'john'"},{"name":"password","value":"'demo'"}],"shouldDisplayMessage":false,"stepsCount":2,"attachmentsCount":0,"hasContent":true,"attachmentStep":false},{"name":"Check if user is logged in","time":{"start":1732757209419,"stop":1732757214435,"duration":5016},"status":"passed","steps":[],"attachments":[],"parameters":[],"shouldDisplayMessage":false,"stepsCount":0,"attachmentsCount":0,"hasContent":false,"attachmentStep":false}],"attachments":[],"parameters":[],"shouldDisplayMessage":true,"stepsCount":6,"attachmentsCount":0,"hasContent":true,"attachmentStep":false},{"name":"setup","time":{"start":1732757208281,"stop":1732757208281,"duration":0},"status":"passed","steps":[],"attachments":[],"parameters":[],"shouldDisplayMessage":false,"stepsCount":0,"attachmentsCount":0,"hasContent":false,"attachmentStep":false}],"afterStages":[{"name":"page::0","time":{"start":1732757214446,"stop":1732757214448,"duration":2},"status":"broken","statusMessage":"AttributeError: 'Function' object has no attribute 'rep_call'\n","statusTrace":"  File \"/opt/hostedtoolcache/Python/3.12.7/x64/lib/python3.12/site-packages/allure_commons/_allure.py\", line 221, in __call__\n    return self._fixture_function(*args, **kwargs)\n           ^^^^^^^^^^^^^^^^^^^^^^^^^^^^^^^^^^^^^^^\n  File \"/opt/hostedtoolcache/Python/3.12.7/x64/lib/python3.12/site-packages/_pytest/fixtures.py\", line 907, in _teardown_yield_fixture\n    next(it)\n  File \"/home/runner/work/ParaBank/ParaBank/conftest.py\", line 43, in page\n    if request.node.rep_call.failed:  # type: ignore\n       ^^^^^^^^^^^^^^^^^^^^^\n","steps":[],"attachments":[],"parameters":[],"shouldDisplayMessage":true,"stepsCount":0,"attachmentsCount":0,"hasContent":true,"attachmentStep":false},{"name":"browser::0","time":{"start":1732757214448,"stop":1732757214486,"duration":38},"status":"passed","steps":[],"attachments":[],"parameters":[],"shouldDisplayMessage":false,"stepsCount":0,"attachmentsCount":0,"hasContent":false,"attachmentStep":false}],"labels":[{"name":"feature","value":"Account Management"},{"name":"epic","value":"Banking Application"},{"name":"parentSuite","value":"tests"},{"name":"suite","value":"test_open_new_account"},{"name":"subSuite","value":"TestOpenNewAccount"},{"name":"host","value":"fv-az985-667"},{"name":"thread","value":"5649-MainThread"},{"name":"framework","value":"pytest"},{"name":"language","value":"cpython3"},{"name":"package","value":"tests.test_open_new_account"},{"name":"resultFormat","value":"allure2"}],"parameters":[{"name":"account_type","value":"<AccountType.SAVINGS: 'SAVINGS'>"}],"links":[],"hidden":false,"retry":false,"extra":{"severity":"normal","retries":[{"uid":"7a60e8766b9bc642","status":"failed","statusDetails":"AssertionError: Login failed\nassert False\n +  where False = <pages.overview_page.OverviewPage object at 0x7f1346b46b70>.is_logged_in","time":{"start":1732757196338,"stop":1732757196338,"duration":0}},{"uid":"27a73d1012000e9c","status":"failed","statusDetails":"AssertionError: Login failed\nassert False\n +  where False = <pages.overview_page.OverviewPage object at 0x7f1346c86180>.is_logged_in","time":{"start":1732757184718,"stop":1732757184718,"duration":0}},{"uid":"4245cfdc2c418664","status":"failed","statusDetails":"AssertionError: Login failed\nassert False\n +  where False = <pages.overview_page.OverviewPage object at 0x7f13471fbbc0>.is_logged_in","time":{"start":1732757172190,"stop":1732757172190,"duration":0}},{"uid":"c6636be579583171","status":"failed","statusDetails":"AssertionError: Login failed\nassert False\n +  where False = <pages.overview_page.OverviewPage object at 0x7f1346dd1190>.is_logged_in","time":{"start":1732757160642,"stop":1732757160642,"duration":0}},{"uid":"ad2481c16726293a","status":"failed","statusDetails":"AssertionError: Login failed\nassert False\n +  where False = <pages.overview_page.OverviewPage object at 0x7f13470d39e0>.is_logged_in","time":{"start":1732757147369,"stop":1732757147369,"duration":0}}],"categories":[{"name":"Product defects","matchedStatuses":[],"flaky":false}],"history":{"statistic":{"failed":2,"broken":0,"skipped":0,"passed":4,"unknown":0,"total":6},"items":[{"uid":"5d51916a7eade485","reportUrl":"https://ZhikharevAl.github.io/ParaBank/69//#testresult/5d51916a7eade485","status":"passed","time":{"start":1732756715812,"stop":1732756716291,"duration":479}},{"uid":"4c0f430c1ceeac9","reportUrl":"https://ZhikharevAl.github.io/ParaBank/68//#testresult/4c0f430c1ceeac9","status":"passed","time":{"start":1732536519156,"stop":1732536519745,"duration":589}},{"uid":"3bdc53cf2d93954c","reportUrl":"https://ZhikharevAl.github.io/ParaBank/67//#testresult/3bdc53cf2d93954c","status":"passed","time":{"start":1732536386792,"stop":1732536387429,"duration":637}},{"uid":"912ae73714a4f45b","reportUrl":"https://ZhikharevAl.github.io/ParaBank/66//#testresult/912ae73714a4f45b","status":"passed","time":{"start":1732536273547,"stop":1732536274213,"duration":666}},{"uid":"57033d1c6790ae80","reportUrl":"https://ZhikharevAl.github.io/ParaBank/65//#testresult/57033d1c6790ae80","status":"failed","statusDetails":"AssertionError: Login failed\nassert False\n +  where False = <pages.overview_page.OverviewPage object at 0x7f3c3b79e8a0>.is_logged_in","time":{"start":1732442014655,"stop":1732442014655,"duration":0}}]},"tags":[]},"source":"c9cc8d6fd09d8531.json","parameterValues":["<AccountType.SAVINGS: 'SAVINGS'>"]}