{"uid":"45ddcd65a997e094","name":"test_transfer_funds","fullName":"tests.test_transfer_funds.TestTransferFunds#test_transfer_funds","historyId":"07ea8890f00c3fd62ce4fb487a217037","time":{"start":1732437027776,"stop":1732437027776,"duration":0},"description":"Test transfer funds.","descriptionHtml":"\n<h2>Testing Transfer Funds Functionality</h2>\n<p>This test verifies the ability to transfer funds between accounts:</p>\n<ul>\n    <li>Transfer funds from one account to another</li>\n    <li>Confirm the transfer is completed successfully</li>\n</ul>\n<p>The test performs the following operations:</p>\n<ul>\n    <li>Navigate to the Transfer Funds page</li>\n    <li>Enter the transfer amount</li>\n    <li>Click the Transfer button</li>\n    <li>Verify the transfer is marked as complete</li>\n</ul>\n<p>Expected Results:</p>\n<ul>\n    <li>User can access the Transfer Funds page</li>\n    <li>Funds are successfully transferred between accounts</li>\n    <li>Transfer completion is confirmed on the page</li>\n</ul>\n","status":"failed","statusMessage":"AssertionError: Login failed\nassert False\n +  where False = <pages.overview_page.OverviewPage object at 0x7f6952f0fec0>.is_logged_in","statusTrace":"page = <Page url='https://parabank.parasoft.com/parabank/login.htm;jsessionid=F072A61138974DFED2F204909E4F851B'>\n\n    @pytest.fixture\n    def login(page: Page) -> tuple[MainPage, OverviewPage]:\n        \"\"\"\n        Fixture that performs user login.\n    \n        Args:\n            page: Playwright page fixture\n    \n        Returns:\n            Tuple[MainPage, OverviewPage]: Tuple containing initialized MainPage and\n            OverviewPage\n        \"\"\"\n        main_page = MainPage(page)\n        overview_page = OverviewPage(page)\n    \n        main_page.navigate()\n        assert main_page.is_page_loaded, \"Main page is not loaded properly\"\n    \n        username: str | None = Data().USERNAME\n        password: str | None = Data().PASSWORD\n    \n        main_page.login(username, password)\n>       assert overview_page.is_logged_in, \"Login failed\"\nE       AssertionError: Login failed\nE       assert False\nE        +  where False = <pages.overview_page.OverviewPage object at 0x7f6952f0fec0>.is_logged_in\n\nconftest.py:95: AssertionError","flaky":false,"newFailed":false,"newBroken":false,"newPassed":false,"retriesCount":0,"retriesStatusChange":false,"beforeStages":[{"name":"browser","time":{"start":1732437027776,"stop":1732437028088,"duration":312},"status":"passed","steps":[],"attachments":[],"parameters":[],"shouldDisplayMessage":false,"stepsCount":0,"attachmentsCount":0,"hasContent":false,"attachmentStep":false},{"name":"page","time":{"start":1732437028088,"stop":1732437028152,"duration":64},"status":"passed","steps":[],"attachments":[],"parameters":[],"shouldDisplayMessage":false,"stepsCount":0,"attachmentsCount":0,"hasContent":false,"attachmentStep":false},{"name":"setup","time":{"start":1732437028152,"stop":1732437028152,"duration":0},"status":"passed","steps":[],"attachments":[],"parameters":[],"shouldDisplayMessage":false,"stepsCount":0,"attachmentsCount":0,"hasContent":false,"attachmentStep":false},{"name":"login","time":{"start":1732437028153,"stop":1732437034324,"duration":6171},"status":"failed","statusMessage":"AssertionError: Login failed\nassert False\n +  where False = <pages.overview_page.OverviewPage object at 0x7f6952f0fec0>.is_logged_in\n","statusTrace":"  File \"/opt/hostedtoolcache/Python/3.12.7/x64/lib/python3.12/site-packages/pluggy/_callers.py\", line 167, in _multicall\n    teardown.throw(outcome._exception)\n  File \"/opt/hostedtoolcache/Python/3.12.7/x64/lib/python3.12/site-packages/_pytest/setuponly.py\", line 36, in pytest_fixture_setup\n    return (yield)\n            ^^^^^\n  File \"/opt/hostedtoolcache/Python/3.12.7/x64/lib/python3.12/site-packages/pluggy/_callers.py\", line 103, in _multicall\n    res = hook_impl.function(*args)\n          ^^^^^^^^^^^^^^^^^^^^^^^^^\n  File \"/opt/hostedtoolcache/Python/3.12.7/x64/lib/python3.12/site-packages/_pytest/fixtures.py\", line 1140, in pytest_fixture_setup\n    result = call_fixture_func(fixturefunc, request, kwargs)\n             ^^^^^^^^^^^^^^^^^^^^^^^^^^^^^^^^^^^^^^^^^^^^^^^\n  File \"/opt/hostedtoolcache/Python/3.12.7/x64/lib/python3.12/site-packages/_pytest/fixtures.py\", line 898, in call_fixture_func\n    fixture_result = fixturefunc(**kwargs)\n                     ^^^^^^^^^^^^^^^^^^^^^\n  File \"/home/runner/work/ParaBank/ParaBank/conftest.py\", line 95, in login\n    assert overview_page.is_logged_in, \"Login failed\"\n","steps":[{"name":"Navigate to https://parabank.parasoft.com/parabank/index.htm","time":{"start":1732437028153,"stop":1732437028807,"duration":654},"status":"passed","steps":[],"attachments":[],"parameters":[],"shouldDisplayMessage":false,"stepsCount":0,"attachmentsCount":0,"hasContent":false,"attachmentStep":false},{"name":"The checks page content is loaded correctly","time":{"start":1732437028807,"stop":1732437028853,"duration":46},"status":"passed","steps":[],"attachments":[],"parameters":[],"shouldDisplayMessage":false,"stepsCount":0,"attachmentsCount":0,"hasContent":false,"attachmentStep":false},{"name":"Login with credentials","time":{"start":1732437028853,"stop":1732437029303,"duration":450},"status":"passed","steps":[{"name":"Click login button","time":{"start":1732437028925,"stop":1732437029303,"duration":378},"status":"passed","steps":[{"name":"Click element by role 'button' with name 'Log In'","time":{"start":1732437028925,"stop":1732437029302,"duration":377},"status":"passed","steps":[],"attachments":[],"parameters":[{"name":"role","value":"'button'"},{"name":"name","value":"'Log In'"}],"shouldDisplayMessage":false,"stepsCount":0,"attachmentsCount":0,"hasContent":true,"attachmentStep":false}],"attachments":[],"parameters":[],"shouldDisplayMessage":false,"stepsCount":1,"attachmentsCount":0,"hasContent":true,"attachmentStep":false}],"attachments":[],"parameters":[{"name":"username","value":"'john'"},{"name":"password","value":"'demo'"}],"shouldDisplayMessage":false,"stepsCount":2,"attachmentsCount":0,"hasContent":true,"attachmentStep":false},{"name":"Check if user is logged in","time":{"start":1732437029303,"stop":1732437034324,"duration":5021},"status":"passed","steps":[],"attachments":[],"parameters":[],"shouldDisplayMessage":false,"stepsCount":0,"attachmentsCount":0,"hasContent":false,"attachmentStep":false}],"attachments":[],"parameters":[],"shouldDisplayMessage":true,"stepsCount":6,"attachmentsCount":0,"hasContent":true,"attachmentStep":false}],"afterStages":[{"name":"page::0","time":{"start":1732437034331,"stop":1732437034333,"duration":2},"status":"broken","statusMessage":"AttributeError: 'Function' object has no attribute 'rep_call'\n","statusTrace":"  File \"/opt/hostedtoolcache/Python/3.12.7/x64/lib/python3.12/site-packages/allure_commons/_allure.py\", line 221, in __call__\n    return self._fixture_function(*args, **kwargs)\n           ^^^^^^^^^^^^^^^^^^^^^^^^^^^^^^^^^^^^^^^\n  File \"/opt/hostedtoolcache/Python/3.12.7/x64/lib/python3.12/site-packages/_pytest/fixtures.py\", line 907, in _teardown_yield_fixture\n    next(it)\n  File \"/home/runner/work/ParaBank/ParaBank/conftest.py\", line 43, in page\n    if request.node.rep_call.failed:  # type: ignore\n       ^^^^^^^^^^^^^^^^^^^^^\n","steps":[],"attachments":[],"parameters":[],"shouldDisplayMessage":true,"stepsCount":0,"attachmentsCount":0,"hasContent":true,"attachmentStep":false},{"name":"browser::0","time":{"start":1732437034333,"stop":1732437034369,"duration":36},"status":"passed","steps":[],"attachments":[],"parameters":[],"shouldDisplayMessage":false,"stepsCount":0,"attachmentsCount":0,"hasContent":false,"attachmentStep":false}],"labels":[{"name":"epic","value":"Banking Application"},{"name":"feature","value":"Funds Transfer"},{"name":"parentSuite","value":"tests"},{"name":"suite","value":"test_transfer_funds"},{"name":"subSuite","value":"TestTransferFunds"},{"name":"host","value":"fv-az1114-731"},{"name":"thread","value":"5719-MainThread"},{"name":"framework","value":"pytest"},{"name":"language","value":"cpython3"},{"name":"package","value":"tests.test_transfer_funds"},{"name":"resultFormat","value":"allure2"}],"parameters":[],"links":[],"hidden":true,"retry":true,"extra":{"categories":[],"tags":[]},"source":"45ddcd65a997e094.json","parameterValues":[]}